2024-01-01T17:14:19.558064Z DEBUG Write total message size: 259
2024-01-01T17:14:19.558073Z DEBUG Write JSON message size: 243
2024-01-01T17:14:19.558077Z DEBUG Write string message: {"FragmentTask":{"id":{"offset":0,"count":16},"fractal":{"Julia":{"c":{"re":0.285,"im":0.013},"divergence_threshold_square":4.0}},"max_iteration":64,"resolution":{"nx":300,"ny":300},"range":{"min":{"x":-0.6,"y":-0.6},"max":{"x":0.0,"y":0.0}}}}
2024-01-01T17:14:19.668918Z DEBUG Worker 2 got a job; executing.
2024-01-01T17:14:19.668942Z DEBUG New connection from [::1]:57139
2024-01-01T17:14:19.668947Z DEBUG Read message with total size: 720194
2024-01-01T17:14:19.668952Z DEBUG Read JSON string message: {"FragmentResult":{"id":{"offset":0,"count":16},"resolution":{"nx":300,"ny":300},"range":{"min":{"x":-0.6,"y":-0.6},"max":{"x":0.0,"y":0.0}},"pixels":{"offset":0,"count":90000}}}
2024-01-01T17:14:19.668963Z DEBUG Read JSON struct message: FragmentResult(FragmentResult { id: U8Data { offset: 0, count: 16 }, resolution: Resolution { nx: 300, ny: 300 }, range: Range { min: Point { x: -0.6, y: -0.6 }, max: Point { x: 0.0, y: 0.0 } }, pixels: PixelData { offset: 0, count: 90000 } })
2024-01-01T17:14:19.669478Z DEBUG Write JSON message with 16 data bytes: FragmentTask(FragmentTask { id: U8Data { offset: 0, count: 16 }, fractal: Julia(JuliaDescriptor { c: Complex { re: 0.285, im: 0.013 }, divergence_threshold_square: 4.0 }), max_iteration: 64, resolution: Resolution { nx: 300, ny: 300 }, range: Range { min: Point { x: 0.0, y: -0.6 }, max: Point { x: 0.6000000000000001, y: 0.0 } } })
2024-01-01T17:14:19.669493Z DEBUG Write total message size: 273
2024-01-01T17:14:19.669499Z DEBUG Write JSON message size: 257
2024-01-01T17:14:19.669502Z DEBUG Write string message: {"FragmentTask":{"id":{"offset":0,"count":16},"fractal":{"Julia":{"c":{"re":0.285,"im":0.013},"divergence_threshold_square":4.0}},"max_iteration":64,"resolution":{"nx":300,"ny":300},"range":{"min":{"x":0.0,"y":-0.6},"max":{"x":0.6000000000000001,"y":0.0}}}}
2024-01-01T17:14:19.749486Z DEBUG Worker 3 got a job; executing.
2024-01-01T17:14:19.749515Z DEBUG New connection from [::1]:57140
2024-01-01T17:14:19.749528Z DEBUG Read message with total size: 720208
2024-01-01T17:14:19.749533Z DEBUG Read JSON string message: {"FragmentResult":{"id":{"offset":0,"count":16},"resolution":{"nx":300,"ny":300},"range":{"min":{"x":0.0,"y":-0.6},"max":{"x":0.6000000000000001,"y":0.0}},"pixels":{"offset":0,"count":90000}}}
2024-01-01T17:14:19.749546Z DEBUG Read JSON struct message: FragmentResult(FragmentResult { id: U8Data { offset: 0, count: 16 }, resolution: Resolution { nx: 300, ny: 300 }, range: Range { min: Point { x: 0.0, y: -0.6 }, max: Point { x: 0.6000000000000001, y: 0.0 } }, pixels: PixelData { offset: 0, count: 90000 } })
2024-01-01T17:14:19.750235Z DEBUG Write JSON message with 16 data bytes: FragmentTask(FragmentTask { id: U8Data { offset: 0, count: 16 }, fractal: Julia(JuliaDescriptor { c: Complex { re: 0.285, im: 0.013 }, divergence_threshold_square: 4.0 }), max_iteration: 64, resolution: Resolution { nx: 300, ny: 300 }, range: Range { min: Point { x: 0.6000000000000001, y: -0.6 }, max: Point { x: 1.2, y: 0.0 } } })
2024-01-01T17:14:19.750258Z DEBUG Write total message size: 273
2024-01-01T17:14:19.750266Z DEBUG Write JSON message size: 257
2024-01-01T17:14:19.750270Z DEBUG Write string message: {"FragmentTask":{"id":{"offset":0,"count":16},"fractal":{"Julia":{"c":{"re":0.285,"im":0.013},"divergence_threshold_square":4.0}},"max_iteration":64,"resolution":{"nx":300,"ny":300},"range":{"min":{"x":0.6000000000000001,"y":-0.6},"max":{"x":1.2,"y":0.0}}}}
2024-01-01T17:14:19.786106Z DEBUG Worker 0 got a job; executing.
2024-01-01T17:14:19.786135Z DEBUG New connection from [::1]:57141
2024-01-01T17:14:19.786142Z DEBUG Read message with total size: 720208
2024-01-01T17:14:19.786152Z DEBUG Read JSON string message: {"FragmentResult":{"id":{"offset":0,"count":16},"resolution":{"nx":300,"ny":300},"range":{"min":{"x":0.6000000000000001,"y":-0.6},"max":{"x":1.2,"y":0.0}},"pixels":{"offset":0,"count":90000}}}
2024-01-01T17:14:19.786166Z DEBUG Read JSON struct message: FragmentResult(FragmentResult { id: U8Data { offset: 0, count: 16 }, resolution: Resolution { nx: 300, ny: 300 }, range: Range { min: Point { x: 0.6000000000000001, y: -0.6 }, max: Point { x: 1.2, y: 0.0 } }, pixels: PixelData { offset: 0, count: 90000 } })
2024-01-01T17:14:19.786547Z DEBUG Write JSON message with 16 data bytes: FragmentTask(FragmentTask { id: U8Data { offset: 0, count: 16 }, fractal: Julia(JuliaDescriptor { c: Complex { re: 0.285, im: 0.013 }, divergence_threshold_square: 4.0 }), max_iteration: 64, resolution: Resolution { nx: 300, ny: 300 }, range: Range { min: Point { x: -1.2, y: 0.0 }, max: Point { x: -0.6, y: 0.6000000000000001 } } })
2024-01-01T17:14:19.786561Z DEBUG Write total message size: 274
2024-01-01T17:14:19.786567Z DEBUG Write JSON message size: 258
2024-01-01T17:14:19.786570Z DEBUG Write string message: {"FragmentTask":{"id":{"offset":0,"count":16},"fractal":{"Julia":{"c":{"re":0.285,"im":0.013},"divergence_threshold_square":4.0}},"max_iteration":64,"resolution":{"nx":300,"ny":300},"range":{"min":{"x":-1.2,"y":0.0},"max":{"x":-0.6,"y":0.6000000000000001}}}}
thread 'main' panicked at 'index out of bounds: the len is 101 but the index is 105032', crates/colormap/src/gradient.rs:30:21
note: run with `RUST_BACKTRACE=1` environment variable to display a backtrace
[2024-01-01T17:14:19Z INFO  wgpu_core::hub] Dropping Global
[2024-01-01T17:14:19Z INFO  wgpu_core::device] Destroying 2 command encoders
[2024-01-01T17:14:19Z INFO  wgpu_core::hub] Dropping Global
[2024-01-01T17:14:19Z INFO  wgpu_core::device] Destroying 0 command encoders
